PhantomJS is launching GhostDriver...
[INFO  - 2016-10-02T16:12:31.986Z] GhostDriver - Main - running on port 58614
[INFO  - 2016-10-02T16:12:32.324Z] Session [060a77b0-88bb-11e6-aeb8-81fe5bb70893] - page.settings - {"XSSAuditingEnabled":false,"javascriptCanCloseWindows":true,"javascriptCanOpenWindows":true,"javascriptEnabled":true,"loadImages":true,"localToRemoteUrlAccessEnabled":false,"userAgent":"Mozilla/5.0 (Macintosh; Intel Mac OS X) AppleWebKit/534.34 (KHTML, like Gecko) PhantomJS/1.9.8 Safari/534.34","webSecurityEnabled":true}
[INFO  - 2016-10-02T16:12:32.325Z] Session [060a77b0-88bb-11e6-aeb8-81fe5bb70893] - page.customHeaders:  - {}
[INFO  - 2016-10-02T16:12:32.325Z] Session [060a77b0-88bb-11e6-aeb8-81fe5bb70893] - Session.negotiatedCapabilities - {"browserName":"phantomjs","version":"1.9.8","driverName":"ghostdriver","driverVersion":"1.1.0","platform":"mac-10.10 (Yosemite)-32bit","javascriptEnabled":true,"takesScreenshot":true,"handlesAlerts":false,"databaseEnabled":false,"locationContextEnabled":false,"applicationCacheEnabled":false,"browserConnectionEnabled":false,"cssSelectorsEnabled":true,"webStorageEnabled":false,"rotatable":false,"acceptSslCerts":false,"nativeEvents":true,"proxy":{"proxyType":"direct"}}
[INFO  - 2016-10-02T16:12:32.325Z] SessionManagerReqHand - _postNewSessionCommand - New Session Created: 060a77b0-88bb-11e6-aeb8-81fe5bb70893
[ERROR - 2016-10-02T16:12:39.790Z] Session [060a77b0-88bb-11e6-aeb8-81fe5bb70893] - page.onError - msg: TypeError: 'undefined' is not an object (evaluating 'yelp.www.init')
[ERROR - 2016-10-02T16:12:39.792Z] Session [060a77b0-88bb-11e6-aeb8-81fe5bb70893] - page.onError - stack:
  (anonymous function) (https://www.yelp.com/:3622)
[ERROR - 2016-10-02T16:12:39.792Z] Session [060a77b0-88bb-11e6-aeb8-81fe5bb70893] - page.onError - msg: TypeError: 'undefined' is not an object (evaluating 'yelp.www.init')
[ERROR - 2016-10-02T16:12:39.793Z] Session [060a77b0-88bb-11e6-aeb8-81fe5bb70893] - page.onError - stack:
  (anonymous function) (https://www.yelp.com/:3633)
[ERROR - 2016-10-02T16:12:39.794Z] Session [060a77b0-88bb-11e6-aeb8-81fe5bb70893] - page.onError - msg: TypeError: 'undefined' is not an object (evaluating 'yelp.www.init')
[ERROR - 2016-10-02T16:12:39.794Z] Session [060a77b0-88bb-11e6-aeb8-81fe5bb70893] - page.onError - stack:
  (anonymous function) (https://www.yelp.com/:3638)
[ERROR - 2016-10-02T16:13:00.517Z] Session [060a77b0-88bb-11e6-aeb8-81fe5bb70893] - page.onError - msg: TypeError: 'undefined' is not an object (evaluating 'yelp.www.init')
[ERROR - 2016-10-02T16:13:00.517Z] Session [060a77b0-88bb-11e6-aeb8-81fe5bb70893] - page.onError - stack:
  (anonymous function) (https://www.yelp.com/search?find_desc=Chicken+%26+Waffles&find_loc=10026&ns=1:7412)
[ERROR - 2016-10-02T16:13:00.519Z] Session [060a77b0-88bb-11e6-aeb8-81fe5bb70893] - page.onError - msg: TypeError: 'undefined' is not an object (evaluating 'yelp.www.init')
[ERROR - 2016-10-02T16:13:00.519Z] Session [060a77b0-88bb-11e6-aeb8-81fe5bb70893] - page.onError - stack:
  (anonymous function) (https://www.yelp.com/search?find_desc=Chicken+%26+Waffles&find_loc=10026&ns=1:7425)
